ERR1779355 0.141145 0.659442
ERR1779332 0.140113 0.676009
ERR1779372 0.147289 0.672909
ERR1779317 0.149097 0.663706
ERR1779333 0.140025 0.678543
ERR1779382 0.155044 0.661217
ERR1779363 0.116376 0.692317
ERR1779327 0.064892 0.568109
ERR1779353 0.153756 0.654820
ERR1779300 0.149058 0.671315
ERR1779349 0.152203 0.650876
ERR1779367 0.073757 0.602925
ERR1779344 0.133587 0.697225
ERR1779346 0.159467 0.658308
ERR1779350 0.137666 0.689985
ERR1779334 0.153373 0.664481
ERR1779379 0.155162 0.665711
ERR1779320 0.150807 0.660909
ERR1779309 0.136840 0.704127
ERR1779321 0.091784 0.646586
ERR1779370 0.151820 0.674675
ERR1779351 0.156911 0.667643
ERR1779301 0.150640 0.670781
ERR1779343 0.106311 0.687428
ERR1779449 0.129439 0.706757
ERR1779513 0.164607 0.657984
ERR1779451 0.148576 0.697908
ERR1779414 0.134963 0.692645
ERR1779444 0.167340 0.635712
ERR1779452 0.155103 0.673697
ERR1779491 0.152832 0.663297
ERR1779420 0.134304 0.696042
ERR1779435 0.151869 0.683340
ERR1779430 0.127935 0.681502
ERR1779502 0.134039 0.690271
ERR1779500 0.143229 0.678999
ERR1779457 0.163025 0.657809
ERR1779432 0.131975 0.675878
ERR1779487 0.138393 0.689926
ERR1779489 0.159831 0.689055
ERR1779417 0.162612 0.651134
ERR1779443 0.155751 0.679677
ERR1779503 0.147534 0.593328
ERR1779422 0.164686 0.676560
