0 0.152616 0.694751
1 0.149884 0.704732
2 0.155879 0.696364
3 0.157943 0.693556
4 0.150188 0.699986
5 0.161973 0.684827
6 0.131464 0.723051
7 0.103117 0.701036
8 0.161403 0.680917
9 0.157314 0.686910
10 0.161108 0.681227
11 0.108916 0.686938
12 0.144478 0.708522
13 0.165748 0.682353
14 0.147092 0.713366
15 0.161688 0.688746
16 0.163939 0.682447
17 0.159339 0.686819
18 0.146945 0.713774
19 0.117428 0.725776
20 0.158838 0.690657
21 0.163821 0.683887
22 0.159201 0.692357
23 0.125694 0.731119
24 0.140104 0.729403
25 0.170377 0.676079
26 0.154552 0.708097
27 0.145441 0.714969
28 0.172038 0.666172
29 0.161452 0.689646
30 0.160106 0.693060
31 0.144114 0.721094
32 0.159506 0.698039
33 0.141234 0.713243
34 0.144065 0.714662
35 0.151623 0.705995
36 0.168008 0.676361
37 0.143740 0.708630
38 0.147456 0.712752
39 0.164480 0.697541
40 0.168559 0.673117
41 0.160794 0.699372
42 0.157560 0.692560
43 0.167222 0.687783
