ERR1779355 0.171694 0.445692
ERR1779332 0.162602 0.505593
ERR1779372 0.169640 0.461360
ERR1779317 0.176825 0.470278
ERR1779333 0.165335 0.481370
ERR1779382 0.179449 0.440618
ERR1779363 0.136025 0.510212
ERR1779327 0.090988 0.500189
ERR1779353 0.180511 0.432616
ERR1779300 0.174889 0.450707
ERR1779349 0.182310 0.451850
ERR1779367 0.095932 0.465094
ERR1779344 0.155742 0.476986
ERR1779346 0.187028 0.449335
ERR1779350 0.160882 0.480677
ERR1779334 0.179705 0.456060
ERR1779379 0.182663 0.446623
ERR1779320 0.178417 0.431297
ERR1779309 0.159516 0.465014
ERR1779321 0.110213 0.509150
ERR1779370 0.175901 0.444345
ERR1779351 0.185357 0.441960
ERR1779301 0.176452 0.455877
ERR1779343 0.128269 0.510344
ERR1779449 0.155693 0.536604
ERR1779513 0.194468 0.423607
ERR1779451 0.174810 0.483577
ERR1779414 0.159614 0.478011
ERR1779444 0.194753 0.434203
ERR1779452 0.183469 0.429094
ERR1779491 0.182428 0.457087
ERR1779420 0.155506 0.480195
ERR1779435 0.181681 0.459710
ERR1779430 0.150847 0.493854
ERR1779502 0.158543 0.504851
ERR1779500 0.166907 0.467539
ERR1779457 0.189898 0.405320
ERR1779432 0.156253 0.505019
ERR1779487 0.159133 0.456558
ERR1779489 0.187834 0.458603
ERR1779417 0.191048 0.422507
ERR1779443 0.181484 0.486279
ERR1779503 0.165345 0.422972
ERR1779422 0.192807 0.426555
