ERR1779355 0.147515 0.644507
ERR1779332 0.141273 0.675137
ERR1779372 0.145824 0.670402
ERR1779317 0.150798 0.661778
ERR1779333 0.143642 0.676292
ERR1779382 0.152990 0.653799
ERR1779363 0.119109 0.693091
ERR1779327 0.083272 0.625887
ERR1779353 0.154198 0.644456
ERR1779300 0.149274 0.664930
ERR1779349 0.155290 0.637468
ERR1779367 0.088177 0.612230
ERR1779344 0.134707 0.689248
ERR1779346 0.157511 0.652909
ERR1779350 0.140487 0.677169
ERR1779334 0.152921 0.669392
ERR1779379 0.153884 0.653095
ERR1779320 0.150984 0.645583
ERR1779309 0.137243 0.698360
ERR1779321 0.098301 0.671975
ERR1779370 0.149087 0.668400
ERR1779351 0.157255 0.650260
ERR1779301 0.150690 0.667000
ERR1779343 0.112897 0.696163
ERR1779449 0.134236 0.697497
ERR1779513 0.162248 0.654494
ERR1779451 0.150080 0.683177
ERR1779414 0.137499 0.686543
ERR1779444 0.165315 0.640919
ERR1779452 0.156341 0.657680
ERR1779491 0.155044 0.670663
ERR1779420 0.135366 0.690326
ERR1779435 0.154660 0.668863
ERR1779430 0.132113 0.680867
ERR1779502 0.137391 0.686340
ERR1779500 0.144310 0.672468
ERR1779457 0.161000 0.649562
ERR1779432 0.134953 0.668452
ERR1779487 0.137990 0.680250
ERR1779489 0.158091 0.684775
ERR1779417 0.162111 0.654173
ERR1779443 0.155113 0.674863
ERR1779503 0.148842 0.588924
ERR1779422 0.162298 0.667907
