1 0.258279 0.403442
2 0.237176 0.491937
3 0.224663 0.542690
4 0.215139 0.574262
5 0.208583 0.600311
6 0.202341 0.619463
7 0.196866 0.636185
8 0.192532 0.651760
9 0.188119 0.664941
10 0.184187 0.676156
11 0.180786 0.687512
12 0.177199 0.696519
13 0.174024 0.706138
14 0.170819 0.714862
15 0.167999 0.724084
16 0.165266 0.731966
17 0.162465 0.738759
18 0.159870 0.746204
19 0.157413 0.753576
20 0.154965 0.759697
21 0.152793 0.766065
22 0.150031 0.771611
23 0.147751 0.777209
24 0.145225 0.783695
25 0.142512 0.790093
26 0.140113 0.795391
27 0.138000 0.800913
28 0.135681 0.805697
29 0.133371 0.812126
30 0.131002 0.817869
31 0.128810 0.822610
32 0.126451 0.827810
33 0.123836 0.832276
34 0.121212 0.837544
35 0.118411 0.843155
36 0.115492 0.848804
37 0.112336 0.854505
38 0.108808 0.859873
39 0.105043 0.865414
40 0.100512 0.871707
41 0.094792 0.880329
42 0.086830 0.884993
43 0.076392 0.895289
44 0.059800 0.909417
