classes 1 0.065437 0.617281
classes 2 0.056628 0.749581
classes 3 0.052293 0.783963
classes 5 0.065316 0.681300
classes 10 0.076122 0.569717
classes 20 0.078137 0.572465
classes 40 0.078097 0.574277
classes 80 0.077573 0.591536
classes 160 0.077498 0.588665
classes 320 0.076652 0.589637
classes 667 0.074821 0.613975
stringtie_stmerge 1 0.057285 0.695027
stringtie_stmerge 2 0.062109 0.602076
stringtie_stmerge 3 0.065823 0.545676
stringtie_stmerge 5 0.069835 0.484715
stringtie_stmerge 10 0.074982 0.390174
stringtie_stmerge 20 0.077303 0.331474
stringtie_stmerge 40 0.077159 0.288320
stringtie_stmerge 80 0.075213 0.250177
stringtie_stmerge 160 0.070716 0.218976
stringtie_stmerge 320 0.065022 0.189471
stringtie_stmerge 667 0.058419 0.162326
scallop_stmerge 1 0.077124 0.470101
scallop_stmerge 2 0.083008 0.410477
scallop_stmerge 3 0.088990 0.361297
scallop_stmerge 5 0.093619 0.323165
scallop_stmerge 10 0.096952 0.273754
scallop_stmerge 20 0.099128 0.235254
scallop_stmerge 40 0.098858 0.195558
scallop_stmerge 80 0.094384 0.162097
scallop_stmerge 160 0.088639 0.134123
scallop_stmerge 320 0.080964 0.111671
scallop_stmerge 667 0.072449 0.088278
stringtie_taco 1 0.057106 0.597638
stringtie_taco 2 0.061528 0.508638
stringtie_taco 3 0.065276 0.454739
stringtie_taco 5 0.067682 0.422923
stringtie_taco 10 0.070457 0.382175
stringtie_taco 20 0.075737 0.367458
stringtie_taco 40 0.081074 0.352535
stringtie_taco 80 0.084764 0.338935
stringtie_taco 160 0.088587 0.321138
stringtie_taco 320 0.089836 0.306803
stringtie_taco 667 0.090654 0.293069
scallop_taco 1 0.064464 0.385638
scallop_taco 2 0.071073 0.334771
scallop_taco 3 0.074482 0.318340
scallop_taco 5 0.078258 0.301323
scallop_taco 10 0.081235 0.282868
scallop_taco 20 0.089312 0.284142
scallop_taco 40 0.095340 0.269089
scallop_taco 80 0.098950 0.256331
scallop_taco 160 0.101040 0.231494
scallop_taco 320 0.101598 0.210183
scallop_taco 667 0.101069 0.171000
