classes 0.01 0.515199 0.710753
classes 0.5 0.514419 0.718172
classes 1 0.506625 0.734463
classes 2.5 0.477786 0.765293
classes 5 0.440374 0.775034
classes 10 0.395947 0.785162
classes 25 0.337490 0.793040
classes 50 0.299299 0.808421
class 0.01 0.474669 0.631088
class 0.5 0.474669 0.635699
class 1 0.469213 0.671126
class 2.5 0.445830 0.751643
class 5 0.410756 0.785395
class 10 0.366329 0.796610
class 25 0.311769 0.813008
class 50 0.269680 0.819905
stringtie 0.01 0.456742 0.544104
stringtie 0.5 0.455963 0.550329
stringtie 1 0.441933 0.581538
stringtie 2.5 0.418550 0.727642
stringtie 5 0.376461 0.755869
stringtie 10 0.318005 0.765478
stringtie 25 0.232268 0.770026
stringtie 50 0.184723 0.797980
scallop 0.01 0.464536 0.613169
scallop 0.5 0.464536 0.613169
scallop 1 0.461419 0.626455
scallop 2.5 0.438036 0.668252
scallop 5 0.393609 0.697514
scallop 10 0.313328 0.708995
scallop 25 0.228371 0.757106
scallop 50 0.175370 0.778547
