classes 2 0 0.431021 0.797980
classes 2 1 0.423227 0.771307
classes 2 2 0.424786 0.778571
classes 2 3 0.424786 0.786436
classes 2 4 0.420889 0.790630
classes 3 0 0.421668 0.815988
classes 3 1 0.424786 0.811012
classes 3 2 0.420889 0.800000
classes 3 3 0.425565 0.822289
classes 3 4 0.421668 0.808670
classes 5 0 0.466875 0.772903
classes 5 1 0.473110 0.787289
classes 5 2 0.469213 0.769821
classes 5 3 0.467654 0.768246
classes 5 4 0.474669 0.779770
classes 10 0 0.508184 0.729306
classes 10 1 0.505846 0.713971
classes 10 2 0.498051 0.706077
classes 10 3 0.504287 0.715708
classes 10 4 0.503507 0.716186
stmerge 2 0 0.442712 0.691839
stmerge 2 1 0.430242 0.683168
stmerge 2 2 0.438036 0.684531
stmerge 2 3 0.440374 0.696671
stmerge 2 4 0.439595 0.697157
stmerge 3 0 0.457521 0.697150
stmerge 3 1 0.452065 0.692124
stmerge 3 2 0.455963 0.672414
stmerge 3 3 0.443492 0.677381
stmerge 3 4 0.452845 0.687574
stmerge 5 0 0.466875 0.662611
stmerge 5 1 0.461419 0.669683
stmerge 5 2 0.473889 0.674058
stmerge 5 3 0.461419 0.664422
stmerge 5 4 0.465316 0.664811
stmerge 10 0 0.484801 0.649269
stmerge 10 1 0.484022 0.652311
stmerge 10 2 0.475448 0.625000
stmerge 10 3 0.474669 0.637696
stmerge 10 4 0.482463 0.635524
taco 2 0 0.434918 0.573484
taco 2 1 0.433359 0.575569
taco 2 2 0.430242 0.567901
taco 2 3 0.438036 0.571138
taco 2 4 0.429462 0.561672
taco 3 0 0.447389 0.567755
taco 3 1 0.452065 0.566960
taco 3 2 0.455183 0.568647
taco 3 3 0.449727 0.572989
taco 3 4 0.446610 0.560665
taco 5 0 0.464536 0.570881
taco 5 1 0.456742 0.557564
taco 5 2 0.471551 0.575095
taco 5 3 0.456742 0.564004
taco 5 4 0.460639 0.569913
taco 10 0 0.481684 0.562329
taco 10 1 0.477786 0.557780
taco 10 2 0.480904 0.566575
taco 10 3 0.482463 0.571033
taco 10 4 0.481684 0.566972
