1 0.546376 0.605354
2 0.534684 0.648393
3 0.526111 0.668317
4 0.519096 0.687307
5 0.514419 0.708915
6 0.512860 0.720701
7 0.508184 0.730123
8 0.505066 0.743119
9 0.500390 0.748252
10 0.497272 0.759524
11 0.492595 0.771673
12 0.490257 0.780397
13 0.487140 0.788146
14 0.481684 0.792308
15 0.477007 0.792746
16 0.468433 0.804552
17 0.463757 0.811733
18 0.458301 0.814404
19 0.448948 0.815864
20 0.442712 0.821997
21 0.431800 0.831832
22 0.427903 0.840735
23 0.416991 0.843849
24 0.405300 0.848287
25 0.389712 0.860585
