0 0.067279 0.600390
1 0.056507 0.643775
2 0.060941 0.665138
3 0.064314 0.611272
4 0.069271 0.581959
5 0.058649 0.655745
6 0.061793 0.671316
7 0.061418 0.666126
8 0.064913 0.623790
9 0.066991 0.626501
10 0.068321 0.606171
11 0.073175 0.575426
12 0.064326 0.583599
13 0.056939 0.671282
14 0.067256 0.605724
15 0.067676 0.592460
16 0.056887 0.671127
17 0.063433 0.604090
18 0.057906 0.579078
19 0.063416 0.582250
20 0.062478 0.656901
21 0.061251 0.589909
22 0.065788 0.572897
23 0.061424 0.644069
24 0.062420 0.643022
