0 0.067285 0.600473
1 0.056507 0.643691
2 0.060941 0.665054
3 0.064303 0.611196
4 0.069265 0.581882
5 0.058649 0.655618
6 0.061793 0.671232
7 0.061418 0.666167
8 0.064913 0.623824
9 0.066968 0.626522
10 0.068321 0.606171
11 0.073186 0.575464
12 0.064332 0.583682
13 0.056933 0.671260
14 0.067250 0.605516
15 0.067671 0.592231
16 0.056893 0.671149
17 0.063422 0.604014
18 0.057912 0.579135
19 0.063416 0.582250
20 0.062483 0.656882
21 0.061246 0.589886
22 0.065788 0.572897
23 0.061430 0.644129
24 0.062432 0.643065
