ERR188078 0.087844 0.396394
ERR204976 0.065333 0.428049
ERR188278 0.079030 0.455305
ERR188162 0.078028 0.412133
ERR204830 0.091189 0.383725
ERR204914 0.071085 0.473120
ERR204948 0.080342 0.465663
ERR205017 0.080308 0.440852
ERR188161 0.083411 0.413011
ERR188108 0.086094 0.434242
ERR188400 0.088109 0.397537
ERR188214 0.098081 0.351490
ERR188385 0.079070 0.389242
ERR204957 0.072582 0.430391
ERR188101 0.085639 0.410991
ERR188267 0.087211 0.398223
ERR204856 0.069381 0.453164
ERR188334 0.078621 0.408434
ERR188208 0.063203 0.367723
ERR188435 0.076635 0.377050
ERR204903 0.081788 0.435220
ERR188197 0.069715 0.398152
ERR188342 0.083163 0.371365
ERR204960 0.079122 0.412653
ERR204899 0.076877 0.442753
