ERR188078 0.062771 0.562590
ERR204976 0.048931 0.614178
ERR188278 0.056951 0.654882
ERR188162 0.057348 0.559638
ERR204830 0.064700 0.550397
ERR204914 0.052886 0.645901
ERR204948 0.058471 0.667894
ERR205017 0.056525 0.656283
ERR188161 0.060273 0.595676
ERR188108 0.063255 0.601171
ERR188400 0.063284 0.572530
ERR188214 0.067072 0.546846
ERR188385 0.059288 0.529814
ERR204957 0.051286 0.668769
ERR188101 0.062990 0.574602
ERR188267 0.062305 0.540965
ERR204856 0.050497 0.660069
ERR188334 0.058810 0.555012
ERR188208 0.049092 0.496709
ERR188435 0.057267 0.513977
ERR204903 0.058125 0.639635
ERR188197 0.053698 0.514906
ERR188342 0.060935 0.517176
ERR204960 0.056536 0.626635
ERR204899 0.057855 0.594475
