1 0.100988 0.320946
2 0.092600 0.421632
3 0.087291 0.484053
4 0.083382 0.530552
5 0.080170 0.566218
6 0.077141 0.594982
7 0.074528 0.621609
8 0.072236 0.645621
9 0.070043 0.666594
10 0.067809 0.686524
11 0.065748 0.703809
12 0.063848 0.721207
13 0.062173 0.738343
14 0.060336 0.753632
15 0.058626 0.770156
16 0.056864 0.782585
17 0.055022 0.794497
18 0.053042 0.807379
19 0.050877 0.818014
20 0.048649 0.831039
21 0.046438 0.843724
22 0.043882 0.855155
23 0.041009 0.867284
24 0.037342 0.880652
25 0.031699 0.903660
