0 0.051729 0.581252
1 0.052771 0.545855
2 0.044365 0.538241
3 0.054872 0.587572
4 0.050048 0.597170
5 0.051602 0.604791
6 0.046899 0.579621
7 0.049271 0.561585
8 0.052120 0.507313
9 0.053220 0.550140
10 0.050877 0.543983
11 0.047152 0.572607
12 0.047929 0.564445
13 0.054124 0.572638
14 0.045074 0.542701
15 0.049109 0.591868
16 0.057849 0.551754
17 0.045678 0.573224
18 0.041187 0.536523
19 0.048856 0.478759
20 0.057901 0.571973
21 0.053335 0.542738
22 0.054348 0.594533
23 0.045056 0.556021
24 0.056853 0.553345
25 0.046772 0.482280
26 0.050520 0.593106
27 0.058263 0.530676
28 0.051602 0.561240
29 0.053001 0.598220
30 0.050675 0.586370
31 0.043461 0.576172
32 0.048804 0.581014
33 0.051769 0.521064
34 0.046950 0.497438
35 0.045672 0.505576
36 0.047094 0.567977
37 0.045436 0.537236
38 0.054354 0.564383
39 0.053899 0.570228
40 0.052362 0.587836
41 0.049622 0.559639
42 0.051430 0.515286
43 0.058845 0.558922
44 0.048804 0.556672
45 0.054751 0.549902
46 0.050451 0.570062
47 0.054297 0.562944
48 0.048298 0.538170
49 0.053105 0.556165
50 0.058131 0.527782
51 0.052713 0.580008
52 0.056490 0.555858
53 0.062478 0.509891
54 0.049086 0.473561
55 0.053278 0.477158
56 0.048436 0.561203
57 0.055367 0.591998
58 0.045344 0.554609
59 0.045327 0.574001
60 0.052725 0.549140
61 0.050618 0.593052
62 0.052506 0.602577
63 0.047158 0.533199
64 0.052610 0.562581
65 0.053007 0.604292
66 0.054723 0.575572
67 0.059133 0.551226
68 0.053203 0.563338
69 0.050934 0.592565
70 0.049720 0.577118
71 0.050952 0.587727
72 0.049950 0.563230
