S_100 0.060561 0.263515
S_101 0.059634 0.250763
S_103 0.046300 0.239374
S_116 0.071597 0.294818
S_118 0.060204 0.288963
S_123 0.062057 0.302221
S_124 0.052138 0.261085
S_126 0.043145 0.229188
S_136 0.032638 0.199549
S_138 0.052431 0.234493
S_13 0.054222 0.238310
S_141 0.048177 0.259900
S_156 0.044492 0.243195
S_158 0.060635 0.275591
S_162 0.039005 0.216198
S_165 0.056058 0.285844
S_16 0.072006 0.260005
S_171 0.047797 0.261769
S_172 0.033179 0.242031
S_173 0.020432 0.170208
S_30 0.071154 0.263676
S_33 0.060359 0.247521
S_38 0.066070 0.316614
S_409 0.041717 0.239640
S_431 0.051061 0.263754
S_432 0.021204 0.160193
S_433 0.059824 0.292729
S_436 0.055650 0.245237
S_441 0.058592 0.241178
S_442 0.062714 0.289100
S_450 0.058045 0.283816
S_452 0.040796 0.331137
S_456 0.055396 0.255823
S_457 0.040122 0.199160
S_464 0.023104 0.177582
S_465 0.017709 0.199017
S_475 0.048914 0.247711
S_477 0.039667 0.227363
S_47 0.064504 0.239514
S_480 0.061919 0.264791
S_481 0.062150 0.280696
S_482 0.050128 0.240259
S_486 0.034164 0.181246
S_48 0.075524 0.279523
S_494 0.046087 0.230274
S_495 0.065218 0.254133
S_510 0.058125 0.265265
S_515 0.065374 0.274395
S_516 0.040324 0.221688
S_517 0.061315 0.239127
S_519 0.071827 0.241614
S_523 0.063053 0.254887
S_525 0.070584 0.260602
S_529 0.080083 0.244211
S_535 0.021521 0.158370
S_548 0.034330 0.173409
S_561 0.039990 0.260677
S_573 0.061505 0.317342
S_579 0.041723 0.228288
S_588 0.042339 0.296843
S_589 0.058281 0.249840
S_590 0.056433 0.293825
S_59 0.063249 0.300904
S_602 0.039955 0.211250
S_604 0.056340 0.251039
S_64 0.063934 0.312430
S_68 0.068281 0.283150
S_70 0.076048 0.268913
S_73 0.071511 0.273922
S_85 0.058592 0.280636
S_91 0.054751 0.245394
S_93 0.059605 0.276863
S_99 0.052236 0.250497
