S_100 0.043087 0.449031
S_101 0.043410 0.401235
S_103 0.029235 0.479645
S_116 0.050290 0.493838
S_118 0.042183 0.539822
S_123 0.044417 0.536509
S_124 0.035891 0.474538
S_126 0.034146 0.305438
S_136 0.031561 0.200226
S_138 0.041631 0.326353
S_13 0.039051 0.389045
S_141 0.035355 0.470647
S_156 0.033651 0.416904
S_158 0.046772 0.422927
S_162 0.028090 0.358486
S_165 0.040652 0.516155
S_16 0.052143 0.418163
S_171 0.033461 0.511710
S_172 0.022856 0.458906
S_173 0.022188 0.152266
S_30 0.052489 0.415865
S_33 0.045068 0.346510
S_38 0.048793 0.530716
S_409 0.030600 0.435620
S_431 0.045004 0.289272
S_432 0.021187 0.157744
S_433 0.042748 0.514553
S_436 0.047509 0.279123
S_441 0.041752 0.411648
S_442 0.045235 0.510626
S_450 0.041567 0.508594
S_452 0.030370 0.575936
S_456 0.038389 0.458755
S_457 0.035004 0.226612
S_464 0.023265 0.183332
S_465 0.019834 0.172664
S_475 0.034417 0.443077
S_477 0.028596 0.362899
S_47 0.045062 0.388186
S_480 0.045966 0.426427
S_481 0.045500 0.489350
S_482 0.037123 0.385946
S_486 0.032137 0.193383
S_48 0.054130 0.432813
S_494 0.035292 0.351370
S_495 0.048033 0.367210
S_510 0.042391 0.432990
S_515 0.047307 0.425862
S_516 0.033156 0.290214
S_517 0.043404 0.397208
S_519 0.051297 0.363362
S_523 0.044014 0.454572
S_525 0.050197 0.410074
S_529 0.057020 0.374499
S_535 0.022799 0.151347
S_548 0.032557 0.177040
S_561 0.033311 0.363032
S_573 0.049236 0.426342
S_579 0.029540 0.397721
S_588 0.032206 0.506519
S_589 0.042569 0.376726
S_590 0.042742 0.475897
S_59 0.045920 0.529967
S_602 0.030934 0.309701
S_604 0.042719 0.378089
S_64 0.046962 0.541741
S_68 0.050031 0.458092
S_70 0.053180 0.414997
S_73 0.049489 0.447988
S_85 0.042563 0.491295
S_91 0.039046 0.421766
S_93 0.042345 0.482453
S_99 0.038407 0.418927
