1 0.096682 0.193702
2 0.091465 0.263877
3 0.087476 0.311097
4 0.084643 0.347171
5 0.082133 0.376035
6 0.080009 0.400883
7 0.078258 0.422655
8 0.076629 0.442016
9 0.075190 0.459390
10 0.073768 0.474503
11 0.072305 0.490720
12 0.070964 0.504916
13 0.069830 0.518267
14 0.068684 0.529845
15 0.067619 0.541794
16 0.066686 0.553020
17 0.065713 0.563738
18 0.064861 0.575031
19 0.063894 0.584659
20 0.063048 0.593389
21 0.062190 0.602454
22 0.061349 0.612555
23 0.060457 0.621582
24 0.059639 0.630071
25 0.058816 0.638620
26 0.058079 0.646128
27 0.057429 0.654485
28 0.056646 0.662247
29 0.055920 0.669354
30 0.055287 0.677269
31 0.054556 0.684682
32 0.053899 0.692609
33 0.053151 0.699818
34 0.052431 0.706407
35 0.051746 0.713390
36 0.050986 0.719240
37 0.050376 0.725539
38 0.049846 0.732363
39 0.049196 0.738484
40 0.048591 0.744728
41 0.047952 0.750699
42 0.047336 0.757090
43 0.046657 0.763736
44 0.046035 0.770402
45 0.045264 0.776877
46 0.044538 0.781256
47 0.043882 0.787559
48 0.043179 0.793903
49 0.042460 0.799892
50 0.041746 0.804772
51 0.040957 0.810990
52 0.040140 0.816585
53 0.039339 0.822559
54 0.038453 0.828866
55 0.037612 0.834035
56 0.036835 0.841621
57 0.035827 0.846667
58 0.034970 0.854650
59 0.034025 0.861265
60 0.033104 0.866225
61 0.032114 0.870203
62 0.031141 0.875668
63 0.029840 0.880714
64 0.028677 0.886299
65 0.027497 0.892877
66 0.026230 0.900217
67 0.024693 0.905043
68 0.023380 0.911355
69 0.021647 0.916850
70 0.019765 0.923843
71 0.017542 0.930382
72 0.014946 0.937861
73 0.010852 0.950101
